Arguments: 
  /home/samdan/.nvm/versions/node/v17.3.0/bin/node /mnt/c/Program Files/nodejs/node_modules/yarn/bin/yarn.js

PATH: 
  /home/samdan/.nvm/versions/node/v17.3.0/bin:/usr/local/sbin:/usr/local/bin:/usr/sbin:/usr/bin:/sbin:/bin:/usr/games:/usr/local/games:/usr/lib/wsl/lib:/mnt/c/Windows/system32:/mnt/c/Windows:/mnt/c/Windows/System32/Wbem:/mnt/c/Windows/System32/WindowsPowerShell/v1.0/:/mnt/c/Windows/System32/OpenSSH/:/mnt/c/Program Files (x86)/NVIDIA Corporation/PhysX/Common:/mnt/c/Program Files/NVIDIA Corporation/NVIDIA NvDLISR:/mnt/c/Program Files/Git/cmd:/mnt/c/ProgramData/chocolatey/bin:/mnt/c/Program Files/Java/jdk-17:/mnt/c/Program Files/Go/bin:/mnt/c/WINDOWS/system32:/mnt/c/WINDOWS:/mnt/c/WINDOWS/System32/Wbem:/mnt/c/WINDOWS/System32/WindowsPowerShell/v1.0/:/mnt/c/WINDOWS/System32/OpenSSH/:/mnt/c/Users/Samdan/AppData/Local/Microsoft/WindowsApps:/mnt/c/Program Files/JetBrains/PhpStorm 2020.3.3/bin:/mnt/c/Users/Samdan/AppData/Local/Programs/Microsoft VS Code/bin:/mnt/c/Program Files (x86)/GitHub CLI/:/mnt/c/Program Files/Git/mingw64/libexec/git-core:/mnt/c/Program Files/JetBrains/IntelliJ IDEA 2021.2.2/bin:/mnt/c/my-program/kafka_2.13-3.0.0/bin/windows:/mnt/c/Users/Samdan/AppData/Local/gitkraken/bin:/mnt/c/opt/apache-maven-3.8.3/bin:/mnt/c/Program Files/JetBrains/PhpStorm 2020.3.3/bin:/mnt/c/Users/Samdan/AppData/Local/Android/Sdk/platform-tools:/mnt/c/Users/Samdan/AppData/Local/Android/Sdk:/mnt/c/Users/Samdan/go/bin:/mnt/c/Users/Samdan/AppData/Local/Microsoft/WindowsApps:/mnt/c/Users/Samdan/AppData/Roaming/nvm:/mnt/c/Program Files/nodejs

Yarn version: 
  1.22.18

Node version: 
  17.3.0

Platform: 
  linux x64

Trace: 
  Error: https://registry.yarnpkg.com/history: ETIMEDOUT
      at Timeout._onTimeout (/mnt/c/Users/Samdan/AppData/Roaming/nvm/v16.14.2/node_modules/yarn/lib/cli.js:141543:19)
      at listOnTimeout (node:internal/timers:568:17)
      at processTimers (node:internal/timers:510:7)

npm manifest: 
  {
    "name": "basic",
    "private": true,
    "scripts": {
      "dev": "vite",
      "build": "tsc && vite build",
      "serve": "vite preview"
    },
    "dependencies": {
      "history": "^5.2.0",
      "react": "^17.0.2",
      "react-dom": "^17.0.2",
      "react-router-dom": "6.2.2",
      "react-router": "6.2.2"
    },
    "devDependencies": {
      "@rollup/plugin-replace": "^2.2.1",
      "@types/node": "14.x",
      "@types/react": "^17.0.19",
      "@types/react-dom": "^17.0.9",
      "@vitejs/plugin-react": "^1.0.1",
      "typescript": "^4.3.5",
      "vite": "^2.5.0"
    }
  }

yarn manifest: 
  No manifest

Lockfile: 
  No lockfile
